<?xml version="1.0" encoding="UTF-8"?>
<!-- Generated by org.testng.reporters.JUnitXMLReporter -->
<testsuite hostname="WIN-A7IIGHBBGE6" name="auto-www" tests="1" failures="1" timestamp="12 May 2020 09:58:25 GMT" time="53.581" errors="0">
  <testcase name="bottomListTest" time="45.366" classname="com.sh.stt.testCase.index.HLIndex">
    <failure type="java.lang.Throwable">
      <![CDATA[java.lang.Throwable
	at message : 标题含有'404'，当前URL:http://hl.10086.cn/apps/qry/bill-query/bill-query.html，当前标题：错误404_黑龙江移动 expected [false] but found [true] in method : .bottomListTest(HLIndex:325)
	at com.sh.stt.testCase.index.HLIndex.bottomListTest(HLIndex.java:325)
	at message : 标题含有'错误'，当前URL:http://hl.10086.cn/apps/qry/bill-query/bill-query.html，当前标题：错误404_黑龙江移动 expected [false] but found [true] in method : .bottomListTest(HLIndex:325)
	at com.sh.stt.testCase.index.HLIndex.bottomListTest(HLIndex.java:325)
	at message : 标题含有'404'，当前URL:http://hl.10086.cn/apps/mall/phone-store/native/index.html#none，当前标题：错误404_黑龙江移动 expected [false] but found [true] in method : .bottomListTest(HLIndex:325)
	at com.sh.stt.testCase.index.HLIndex.bottomListTest(HLIndex.java:325)
	at message : 标题含有'错误'，当前URL:http://hl.10086.cn/apps/mall/phone-store/native/index.html#none，当前标题：错误404_黑龙江移动 expected [false] but found [true] in method : .bottomListTest(HLIndex:325)
	at com.sh.stt.testCase.index.HLIndex.bottomListTest(HLIndex.java:325)
	at message : 标题含有'404'，当前URL:http://hl.10086.cn/apps/busi/main-pkg-4gfee/mainPkg4GFee.html，当前标题：错误404_黑龙江移动 expected [false] but found [true] in method : .bottomListTest(HLIndex:325)
	at com.sh.stt.testCase.index.HLIndex.bottomListTest(HLIndex.java:325)
	at message : 标题含有'错误'，当前URL:http://hl.10086.cn/apps/busi/main-pkg-4gfee/mainPkg4GFee.html，当前标题：错误404_黑龙江移动 expected [false] but found [true] in method : .bottomListTest(HLIndex:325)
	at com.sh.stt.testCase.index.HLIndex.bottomListTest(HLIndex.java:325)
	at message : 标题含有'错误'，当前URL:http://hl.10086.cn/apps/mall/phone-store/native/index.html，当前标题：错误404_黑龙江移动 expected [false] but found [true] in method : .bottomListTest(HLIndex:325)
	at com.sh.stt.testCase.index.HLIndex.bottomListTest(HLIndex.java:325)
]]>
    </failure>
  </testcase> <!-- bottomListTest -->
</testsuite> <!-- auto-www -->
