<?xml version="1.0" encoding="UTF-8"?>
<testsuite xmlns:xsi="http://www.w3.org/2001/XMLSchema-instance" xsi:schemaLocation="https://maven.apache.org/surefire/maven-surefire-plugin/xsd/surefire-test-report.xsd" name="TestSuite" time="55.114" tests="1" errors="0" skipped="0" failures="1">
  <properties>
[...]
</properties>
  <testcase name="bottomListTest" classname="com.sh.stt.testCase.index.HLIndex" time="45.386">
    <failure type="java.lang.Throwable">java.lang.Throwable
	at com.sh.stt.testCase.index.HLIndex.bottomListTest(HLIndex.java:325)
	at com.sh.stt.testCase.index.HLIndex.bottomListTest(HLIndex.java:325)
	at com.sh.stt.testCase.index.HLIndex.bottomListTest(HLIndex.java:325)
	at com.sh.stt.testCase.index.HLIndex.bottomListTest(HLIndex.java:325)
	at com.sh.stt.testCase.index.HLIndex.bottomListTest(HLIndex.java:325)
	at com.sh.stt.testCase.index.HLIndex.bottomListTest(HLIndex.java:325)
	at com.sh.stt.testCase.index.HLIndex.bottomListTest(HLIndex.java:325)
</failure>
    <system-out><![CDATA[实体营业厅_服务中心_中国移动通信
10086热线_服务中心_中国移动通信
实体营业厅_服务中心_中国移动通信
短信营业厅_服务中心_中国移动通信
网上营业厅_服务中心_中国移动通信
客户端/掌上营业厅_服务中心_中国移动通信









错误404_黑龙江移动









中国移动官方网站
]]></system-out>
    <system-err><![CDATA[SLF4J: Failed to load class "org.slf4j.impl.StaticLoggerBinder".
SLF4J: Defaulting to no-operation (NOP) logger implementation
SLF4J: See http://www.slf4j.org/codes.html#StaticLoggerBinder for further details.
1589277452999	geckodriver	INFO	geckodriver 0.19.0
1589277453014	geckodriver	INFO	Listening on 127.0.0.1:1869
1589277453800	mozrunner::runner	INFO	Running command: "C:\\Program Files\\Mozilla Firefox\\firefox.exe" "-marionette" "-profile" "C:\\Users\\ADMINI~1\\AppData\\Local\\Temp\\rust_mozprofile.AchcejnZa5zI"
Unable to read VR Path Registry from C:\Users\Administrator\AppData\Local\openvr\openvrpaths.vrpath
1589277455298	Marionette	INFO	Enabled via --marionette
1589277457146	Marionette	INFO	Listening on port 53323
1589277457162	Marionette	INFO	Listening on port 53323
1589277457337	Marionette	WARN	TLS certificate errors will be ignored for this session
五月 12, 2020 5:57:37 下午 org.openqa.selenium.remote.ProtocolHandshake createSession
信息: Detected dialect: W3C
JavaScript warning: http://feixin.10086.cn/new/js/jquery-1.10.2.min.js, line 1: Using //@ to indicate sourceMappingURL pragmas is deprecated. Use //# instead
JavaScript error: http://hl.10086.cn/apps/multimedia/pub-ui/js/ui.js, line 1: ReferenceError: $ is not defined
JavaScript error: http://www.hl.10086.cn/power/r/cms/www/blue/pub-ui-new/js/ui.js, line 1612: TypeError: $(...).FontScroll is not a function
]]></system-err>
  </testcase>
</testsuite>